
ROM used:   1142/8192 (14%)
            1142/8192 (14%) including unused fragments

            0.9 Average locations per line
            5.5 Average locations per statement

RAM used:   17/368 (5%) at main() level
            30/368 (8%) worst case

Stack used: 6 worst case (6 in main + 0 for interrupts)
Stack size: 8

Lines Stmts  %   Files
----- ----- ---  -----
  112   107  52  main.c
   10     0   0  main.h
  671     0   0  ..\..\..\..\Program Files (x86)\PICC\Devices\16F877A.h
  456   100  48  ..\..\..\..\Program Files (x86)\PICC\Drivers\lcd.c
----- -----
 1249   207 Total

Page ROM  %  RAM   Vol Diff  Functions:
---- --- --- ---   --- ----  ----------
0     20   2    1             @delay_ms1
 Inline         3   760  4.5  lcd_read_byte
0     49   4    2   262  3.7  lcd_read_nibble
0     48   4    1   399  2.4  lcd_send_nibble
0     94   8    3   415  3.7  lcd_send_byte
0     70   6    6   852  6.2  lcd_init
0     18   2    4   208  6.3  lcd_gotoxy
0     44   4    1   354  4.7  lcd_putc
0    597  52    4  3122  7.4  SayiYazdir
0     42   4   13             @MUL3232
0      7   1    0    74  1.8  @const676
0     86   8    4    55  1.4  @PSTRINGC7_645
0      7   1    0    55  1.4  @const678
0      7   1    0    55  1.4  @const679
0     49   4    1   170  3.3  MAIN
 Inline         0             @cinit1

Program metrics:
    Functions               13
    Statements              207
    Comments                221
    Volume (V)              10031
    Difficulty (D)          49.1
    Effort to implement (E) 492571
    Time to implement (T)   7 hours, 36 minutes
    Est Delivered Bugs (B)  2
    Cyclomatic Complexity   22
    Maintainability (MI)    96

 Segment     Used  Free
-----------  ----  ----
00000-00003     4  0  
00004-007FF  1138  906  
00800-00FFF     0  2048  
01000-017FF     0  2048  
01800-01FFF     0  2048  



